<?xml version="1.0" encoding="utf-8"?><testsuites><testsuite name="pytest" errors="0" failures="0" skipped="0" tests="23" time="0.165" timestamp="2021-12-23T23:50:00.315165" hostname="RACCOONCITY"><testcase classname="simple_stopwatch.test.test_stopwatch.InitialStateTests" name="test_none_elapsed_by_default" time="0.071" /><testcase classname="simple_stopwatch.test.test_stopwatch.InitialStateTests" name="test_none_start_time_by_default" time="0.001" /><testcase classname="simple_stopwatch.test.test_stopwatch.InitialStateTests" name="test_none_stop_time_after_auto_start" time="0.001" /><testcase classname="simple_stopwatch.test.test_stopwatch.InitialStateTests" name="test_none_stop_time_after_start" time="0.001" /><testcase classname="simple_stopwatch.test.test_stopwatch.InitialStateTests" name="test_none_stop_time_by_default" time="0.001" /><testcase classname="simple_stopwatch.test.test_stopwatch.InitialStateTests" name="test_not_none_elapsed_after_auto_start" time="0.001" /><testcase classname="simple_stopwatch.test.test_stopwatch.InitialStateTests" name="test_not_none_elapsed_after_start" time="0.001" /><testcase classname="simple_stopwatch.test.test_stopwatch.InitialStateTests" name="test_not_none_start_time_after_auto_start" time="0.001" /><testcase classname="simple_stopwatch.test.test_stopwatch.InitialStateTests" name="test_not_none_start_time_after_start" time="0.001" /><testcase classname="simple_stopwatch.test.test_stopwatch.ElapsedTimeTests" name="test_default_type" time="0.001" /><testcase classname="simple_stopwatch.test.test_stopwatch.ElapsedTimeTests" name="test_elapsed_matches_pattern" time="0.001" /><testcase classname="simple_stopwatch.test.test_stopwatch.ElapsedTimeTests" name="test_raw_type" time="0.001" /><testcase classname="simple_stopwatch.test.test_stopwatch.ElapsedTimeTests" name="test_time_is_running" time="0.001" /><testcase classname="simple_stopwatch.test.test_stopwatch.StartDateTimeTests" name="test_type" time="0.001" /><testcase classname="simple_stopwatch.test.test_stopwatch.StartDateTimeTests" name="test_tz_aware_local" time="0.001" /><testcase classname="simple_stopwatch.test.test_stopwatch.StartDateTimeTests" name="test_tz_aware_utc" time="0.001" /><testcase classname="simple_stopwatch.test.test_stopwatch.StartDateTimeTests" name="test_tz_unaware_local" time="0.001" /><testcase classname="simple_stopwatch.test.test_stopwatch.StartDateTimeTests" name="test_tz_unaware_utc" time="0.001" /><testcase classname="simple_stopwatch.test.test_stopwatch.StopDateTimeTests" name="test_type" time="0.001" /><testcase classname="simple_stopwatch.test.test_stopwatch.StopDateTimeTests" name="test_tz_aware_local" time="0.001" /><testcase classname="simple_stopwatch.test.test_stopwatch.StopDateTimeTests" name="test_tz_aware_utc" time="0.001" /><testcase classname="simple_stopwatch.test.test_stopwatch.StopDateTimeTests" name="test_tz_unaware_local" time="0.001" /><testcase classname="simple_stopwatch.test.test_stopwatch.StopDateTimeTests" name="test_tz_unaware_utc" time="0.001" /></testsuite></testsuites>